程序入口点被执行...
程序开始执行...
日志配置完成...
正在加载配置...
配置加载完成: {'windows': [{'browser_id': 'test_browser_id'}], 'settings': {'window_width': 400, 'window_height': 600, 'watch_time_min': 5, 'watch_time_max': 60, 'like_probability': 0.1, 'subscribe_probability': 0.05, 'scroll_count': 300}}
正在初始化窗口管理器...
窗口管理器初始化完成...
获取到的窗口ID: ['test_browser_id']
比特浏览器API是否可用: True
尝试创建新的浏览器实例...
创建浏览器响应: {'success': False, 'msg': 'connect ETIMEDOUT 116.196.135.225:443'}
创建浏览器失败: connect ETIMEDOUT 116.196.135.225:443
创建浏览器实例失败，将使用配置文件中的ID
正在打开所有窗口...
正在打开窗口 test_browser_id
窗口打开响应: {'success': False, 'msg': 'ID不合法'}
2025-08-06 10:07:25,377 - ERROR - Failed to open window test_browser_id: {'success': False, 'msg': 'ID不合法'}
所有窗口已打开
2025-08-06 10:07:25,377 - INFO - All windows opened
2025-08-06 10:07:33,391 - INFO - Arranging windows...
Windows arranged successfully
2025-08-06 10:07:33,666 - INFO - Windows arranged successfully
2025-08-06 10:07:36,682 - ERROR - Window test_browser_id not found in manager
2025-08-06 10:07:36,682 - ERROR - No tasks created, all windows failed to open
程序执行完毕...
